[debug] [2023-12-03T20:22:12.718Z] ----------------------------------------------------------------------
[debug] [2023-12-03T20:22:12.720Z] Command:       /usr/local/bin/node /usr/local/bin/firebase deploy
[debug] [2023-12-03T20:22:12.721Z] CLI Version:   12.9.1
[debug] [2023-12-03T20:22:12.722Z] Platform:      darwin
[debug] [2023-12-03T20:22:12.722Z] Node Version:  v18.0.0
[debug] [2023-12-03T20:22:12.723Z] Time:          Sun Dec 03 2023 21:22:12 GMT+0100 (West Africa Standard Time)
[debug] [2023-12-03T20:22:12.723Z] ----------------------------------------------------------------------
[debug] 
[debug] [2023-12-03T20:22:12.803Z] > command requires scopes: ["email","openid","https://www.googleapis.com/auth/cloudplatformprojects.readonly","https://www.googleapis.com/auth/firebase","https://www.googleapis.com/auth/cloud-platform"]
[debug] [2023-12-03T20:22:12.803Z] > authorizing via signed-in user (maskelite365@gmail.com)
[debug] [2023-12-03T20:22:12.803Z] [iam] checking project mask-games for permissions ["firebase.projects.get","firebasehosting.sites.update"]
[debug] [2023-12-03T20:22:12.806Z] >>> [apiv2][query] POST https://cloudresourcemanager.googleapis.com/v1/projects/mask-games:testIamPermissions [none]
[debug] [2023-12-03T20:22:12.806Z] >>> [apiv2][(partial)header] POST https://cloudresourcemanager.googleapis.com/v1/projects/mask-games:testIamPermissions x-goog-quota-user=projects/mask-games
[debug] [2023-12-03T20:22:12.806Z] >>> [apiv2][body] POST https://cloudresourcemanager.googleapis.com/v1/projects/mask-games:testIamPermissions {"permissions":["firebase.projects.get","firebasehosting.sites.update"]}
[debug] [2023-12-03T20:22:12.902Z] *** [apiv2] error from fetch(https://cloudresourcemanager.googleapis.com/v1/projects/mask-games:testIamPermissions, {"headers":{},"method":"POST","body":"{\"permissions\":[\"firebase.projects.get\",\"firebasehosting.sites.update\"]}"}): FetchError: request to https://cloudresourcemanager.googleapis.com/v1/projects/mask-games:testIamPermissions failed, reason: getaddrinfo ENOTFOUND cloudresourcemanager.googleapis.com
[debug] [2023-12-03T20:22:12.902Z] [iam] error while checking permissions, command may fail: FirebaseError: Failed to make request to https://cloudresourcemanager.googleapis.com/v1/projects/mask-games:testIamPermissions
[debug] [2023-12-03T20:22:12.904Z] >>> [apiv2][query] GET https://firebase.googleapis.com/v1beta1/projects/mask-games [none]
[debug] [2023-12-03T20:22:12.916Z] *** [apiv2] error from fetch(https://firebase.googleapis.com/v1beta1/projects/mask-games, {"headers":{},"method":"GET","signal":{}}): FetchError: request to https://firebase.googleapis.com/v1beta1/projects/mask-games failed, reason: getaddrinfo ENOTFOUND firebase.googleapis.com
[debug] [2023-12-03T20:22:12.917Z] Failed to make request to https://firebase.googleapis.com/v1beta1/projects/mask-games (original: request to https://firebase.googleapis.com/v1beta1/projects/mask-games failed, reason: getaddrinfo ENOTFOUND firebase.googleapis.com)
[error] 
[error] Error: Assertion failed: resolving hosting target of a site with no site name or target name. This should have caused an error earlier
[debug] [2023-12-03T20:22:30.962Z] ----------------------------------------------------------------------
[debug] [2023-12-03T20:22:30.965Z] Command:       /usr/local/bin/node /usr/local/bin/firebase deploy
[debug] [2023-12-03T20:22:30.965Z] CLI Version:   12.9.1
[debug] [2023-12-03T20:22:30.965Z] Platform:      darwin
[debug] [2023-12-03T20:22:30.966Z] Node Version:  v18.0.0
[debug] [2023-12-03T20:22:30.967Z] Time:          Sun Dec 03 2023 21:22:30 GMT+0100 (West Africa Standard Time)
[debug] [2023-12-03T20:22:30.967Z] ----------------------------------------------------------------------
[debug] 
[debug] [2023-12-03T20:22:31.040Z] > command requires scopes: ["email","openid","https://www.googleapis.com/auth/cloudplatformprojects.readonly","https://www.googleapis.com/auth/firebase","https://www.googleapis.com/auth/cloud-platform"]
[debug] [2023-12-03T20:22:31.040Z] > authorizing via signed-in user (maskelite365@gmail.com)
[debug] [2023-12-03T20:22:31.041Z] [iam] checking project mask-games for permissions ["firebase.projects.get","firebasehosting.sites.update"]
[debug] [2023-12-03T20:22:31.043Z] >>> [apiv2][query] POST https://cloudresourcemanager.googleapis.com/v1/projects/mask-games:testIamPermissions [none]
[debug] [2023-12-03T20:22:31.043Z] >>> [apiv2][(partial)header] POST https://cloudresourcemanager.googleapis.com/v1/projects/mask-games:testIamPermissions x-goog-quota-user=projects/mask-games
[debug] [2023-12-03T20:22:31.044Z] >>> [apiv2][body] POST https://cloudresourcemanager.googleapis.com/v1/projects/mask-games:testIamPermissions {"permissions":["firebase.projects.get","firebasehosting.sites.update"]}
[debug] [2023-12-03T20:22:33.599Z] <<< [apiv2][status] POST https://cloudresourcemanager.googleapis.com/v1/projects/mask-games:testIamPermissions 200
[debug] [2023-12-03T20:22:33.600Z] <<< [apiv2][body] POST https://cloudresourcemanager.googleapis.com/v1/projects/mask-games:testIamPermissions {"permissions":["firebase.projects.get","firebasehosting.sites.update"]}
[debug] [2023-12-03T20:22:33.601Z] >>> [apiv2][query] GET https://firebase.googleapis.com/v1beta1/projects/mask-games [none]
[debug] [2023-12-03T20:23:03.609Z] *** [apiv2] error from fetch(https://firebase.googleapis.com/v1beta1/projects/mask-games, {"headers":{},"method":"GET","signal":{}}): AbortError: The user aborted a request.
[debug] [2023-12-03T20:23:03.610Z] Timeout reached making request to https://firebase.googleapis.com/v1beta1/projects/mask-games (original: The user aborted a request.)
[debug] [2023-12-03T20:23:08.623Z] Error: Timed out.
    at Timeout._onTimeout (/usr/local/lib/node_modules/firebase-tools/lib/utils.js:254:49)
    at listOnTimeout (node:internal/timers:564:17)
    at process.processTimers (node:internal/timers:507:7)
[error] 
[error] Error: An unexpected error has occurred.
[debug] [2023-12-03T20:23:13.248Z] ----------------------------------------------------------------------
[debug] [2023-12-03T20:23:13.251Z] Command:       /usr/local/bin/node /usr/local/bin/firebase deploy
[debug] [2023-12-03T20:23:13.251Z] CLI Version:   12.9.1
[debug] [2023-12-03T20:23:13.251Z] Platform:      darwin
[debug] [2023-12-03T20:23:13.252Z] Node Version:  v18.0.0
[debug] [2023-12-03T20:23:13.253Z] Time:          Sun Dec 03 2023 21:23:13 GMT+0100 (West Africa Standard Time)
[debug] [2023-12-03T20:23:13.253Z] ----------------------------------------------------------------------
[debug] 
[debug] [2023-12-03T20:23:13.324Z] > command requires scopes: ["email","openid","https://www.googleapis.com/auth/cloudplatformprojects.readonly","https://www.googleapis.com/auth/firebase","https://www.googleapis.com/auth/cloud-platform"]
[debug] [2023-12-03T20:23:13.325Z] > authorizing via signed-in user (maskelite365@gmail.com)
[debug] [2023-12-03T20:23:13.325Z] [iam] checking project mask-games for permissions ["firebase.projects.get","firebasehosting.sites.update"]
[debug] [2023-12-03T20:23:13.328Z] >>> [apiv2][query] POST https://cloudresourcemanager.googleapis.com/v1/projects/mask-games:testIamPermissions [none]
[debug] [2023-12-03T20:23:13.328Z] >>> [apiv2][(partial)header] POST https://cloudresourcemanager.googleapis.com/v1/projects/mask-games:testIamPermissions x-goog-quota-user=projects/mask-games
[debug] [2023-12-03T20:23:13.328Z] >>> [apiv2][body] POST https://cloudresourcemanager.googleapis.com/v1/projects/mask-games:testIamPermissions {"permissions":["firebase.projects.get","firebasehosting.sites.update"]}
[debug] [2023-12-03T20:27:22.711Z] ----------------------------------------------------------------------
[debug] [2023-12-03T20:27:22.713Z] Command:       /usr/local/bin/node /usr/local/bin/firebase deploy
[debug] [2023-12-03T20:27:22.714Z] CLI Version:   12.9.1
[debug] [2023-12-03T20:27:22.714Z] Platform:      darwin
[debug] [2023-12-03T20:27:22.714Z] Node Version:  v18.0.0
[debug] [2023-12-03T20:27:22.716Z] Time:          Sun Dec 03 2023 21:27:22 GMT+0100 (West Africa Standard Time)
[debug] [2023-12-03T20:27:22.716Z] ----------------------------------------------------------------------
[debug] 
[debug] [2023-12-03T20:27:22.794Z] > command requires scopes: ["email","openid","https://www.googleapis.com/auth/cloudplatformprojects.readonly","https://www.googleapis.com/auth/firebase","https://www.googleapis.com/auth/cloud-platform"]
[debug] [2023-12-03T20:27:22.795Z] > authorizing via signed-in user (maskelite365@gmail.com)
[debug] [2023-12-03T20:27:22.795Z] [iam] checking project mask-games for permissions ["firebase.projects.get","firebasehosting.sites.update"]
[debug] [2023-12-03T20:27:22.798Z] >>> [apiv2][query] POST https://cloudresourcemanager.googleapis.com/v1/projects/mask-games:testIamPermissions [none]
[debug] [2023-12-03T20:27:22.798Z] >>> [apiv2][(partial)header] POST https://cloudresourcemanager.googleapis.com/v1/projects/mask-games:testIamPermissions x-goog-quota-user=projects/mask-games
[debug] [2023-12-03T20:27:22.798Z] >>> [apiv2][body] POST https://cloudresourcemanager.googleapis.com/v1/projects/mask-games:testIamPermissions {"permissions":["firebase.projects.get","firebasehosting.sites.update"]}
[debug] [2023-12-03T20:27:24.404Z] <<< [apiv2][status] POST https://cloudresourcemanager.googleapis.com/v1/projects/mask-games:testIamPermissions 200
[debug] [2023-12-03T20:27:24.405Z] <<< [apiv2][body] POST https://cloudresourcemanager.googleapis.com/v1/projects/mask-games:testIamPermissions {"permissions":["firebase.projects.get","firebasehosting.sites.update"]}
[debug] [2023-12-03T20:27:24.406Z] >>> [apiv2][query] GET https://firebase.googleapis.com/v1beta1/projects/mask-games [none]
[debug] [2023-12-03T20:27:54.410Z] *** [apiv2] error from fetch(https://firebase.googleapis.com/v1beta1/projects/mask-games, {"headers":{},"method":"GET","signal":{}}): AbortError: The user aborted a request.
[debug] [2023-12-03T20:27:54.411Z] Timeout reached making request to https://firebase.googleapis.com/v1beta1/projects/mask-games (original: The user aborted a request.)
[debug] [2023-12-03T20:27:59.419Z] Error: Timed out.
    at Timeout._onTimeout (/usr/local/lib/node_modules/firebase-tools/lib/utils.js:254:49)
    at listOnTimeout (node:internal/timers:564:17)
    at process.processTimers (node:internal/timers:507:7)
[error] 
[error] Error: An unexpected error has occurred.
[debug] [2023-12-03T20:28:20.324Z] ----------------------------------------------------------------------
[debug] [2023-12-03T20:28:20.326Z] Command:       /usr/local/bin/node /usr/local/bin/firebase deploy
[debug] [2023-12-03T20:28:20.326Z] CLI Version:   12.9.1
[debug] [2023-12-03T20:28:20.327Z] Platform:      darwin
[debug] [2023-12-03T20:28:20.327Z] Node Version:  v18.0.0
[debug] [2023-12-03T20:28:20.328Z] Time:          Sun Dec 03 2023 21:28:20 GMT+0100 (West Africa Standard Time)
[debug] [2023-12-03T20:28:20.328Z] ----------------------------------------------------------------------
[debug] 
[debug] [2023-12-03T20:28:20.401Z] > command requires scopes: ["email","openid","https://www.googleapis.com/auth/cloudplatformprojects.readonly","https://www.googleapis.com/auth/firebase","https://www.googleapis.com/auth/cloud-platform"]
[debug] [2023-12-03T20:28:20.401Z] > authorizing via signed-in user (maskelite365@gmail.com)
[debug] [2023-12-03T20:28:20.401Z] [iam] checking project mask-games for permissions ["firebase.projects.get","firebasehosting.sites.update"]
[debug] [2023-12-03T20:28:20.404Z] >>> [apiv2][query] POST https://cloudresourcemanager.googleapis.com/v1/projects/mask-games:testIamPermissions [none]
[debug] [2023-12-03T20:28:20.404Z] >>> [apiv2][(partial)header] POST https://cloudresourcemanager.googleapis.com/v1/projects/mask-games:testIamPermissions x-goog-quota-user=projects/mask-games
[debug] [2023-12-03T20:28:20.404Z] >>> [apiv2][body] POST https://cloudresourcemanager.googleapis.com/v1/projects/mask-games:testIamPermissions {"permissions":["firebase.projects.get","firebasehosting.sites.update"]}
[debug] [2023-12-03T20:28:21.854Z] <<< [apiv2][status] POST https://cloudresourcemanager.googleapis.com/v1/projects/mask-games:testIamPermissions 200
[debug] [2023-12-03T20:28:21.854Z] <<< [apiv2][body] POST https://cloudresourcemanager.googleapis.com/v1/projects/mask-games:testIamPermissions {"permissions":["firebase.projects.get","firebasehosting.sites.update"]}
[debug] [2023-12-03T20:28:21.856Z] >>> [apiv2][query] GET https://firebase.googleapis.com/v1beta1/projects/mask-games [none]
[debug] [2023-12-03T20:28:22.999Z] <<< [apiv2][status] GET https://firebase.googleapis.com/v1beta1/projects/mask-games 200
[debug] [2023-12-03T20:28:23.000Z] <<< [apiv2][body] GET https://firebase.googleapis.com/v1beta1/projects/mask-games {"projectId":"mask-games","projectNumber":"575616832659","displayName":"games-arcade","name":"projects/mask-games","resources":{"hostingSite":"mask-games","storageBucket":"mask-games.appspot.com","locationId":"europe-west"},"state":"ACTIVE","etag":"1_fb75da23-9e0d-475e-8ae3-74d2583e8855"}
[info] 
[info] === Deploying to 'mask-games'...
[info] 
[info] i  deploying hosting 
[debug] [2023-12-03T20:28:23.008Z] >>> [apiv2][query] POST https://firebasehosting.googleapis.com/v1beta1/projects/-/sites/mask-games/versions [none]
[debug] [2023-12-03T20:28:23.009Z] >>> [apiv2][body] POST https://firebasehosting.googleapis.com/v1beta1/projects/-/sites/mask-games/versions {"status":"CREATED","labels":{"deployment-tool":"cli-firebase"}}
[debug] [2023-12-03T20:28:26.158Z] <<< [apiv2][status] POST https://firebasehosting.googleapis.com/v1beta1/projects/-/sites/mask-games/versions 200
[debug] [2023-12-03T20:28:26.158Z] <<< [apiv2][body] POST https://firebasehosting.googleapis.com/v1beta1/projects/-/sites/mask-games/versions {"name":"projects/575616832659/sites/mask-games/versions/347df36b8b316661","status":"CREATED","config":{},"labels":{"deployment-tool":"cli-firebase"}}
[info] i  hosting[mask-games]: beginning deploy... 
[info] i  hosting[mask-games]: found 8 files in dist 
[debug] [2023-12-03T20:28:26.167Z] [hosting] uploading with 200 concurrency
[debug] [2023-12-03T20:28:26.206Z] [hosting] hash cache [ZGlzdA] stored for 8 files
[debug] [2023-12-03T20:28:26.207Z] [hosting][hash queue][FINAL] {"max":33,"min":11,"avg":17.875,"active":0,"complete":8,"success":8,"errored":0,"retried":0,"total":8,"elapsed":36}
[debug] [2023-12-03T20:28:26.207Z] >>> [apiv2][query] POST https://firebasehosting.googleapis.com/v1beta1/projects/575616832659/sites/mask-games/versions/347df36b8b316661:populateFiles [none]
[debug] [2023-12-03T20:28:26.207Z] >>> [apiv2][body] POST https://firebasehosting.googleapis.com/v1beta1/projects/575616832659/sites/mask-games/versions/347df36b8b316661:populateFiles {"files":{"/assets/logo-6oVahO7M.png":"9a3e4e14f1c026fcb842ccd37b8c053f7c2f3194cba3f2213e7e0bdcea0622d4","/index.html":"772671a8d7b121751638f26ac0f79e9dcb8de4b02c55ffb1ff67f2fe6af39738","/assets/players-qQyp2nKU.svg":"eded530a761303bb577a635ab7e346ceb42e9b405e55f05b2111a518f9f055ed","/assets/index-MfP5LG_a.css":"e62bbf63b42904d111e89b38c21f67efc16b97e668dc52789fee051dd9870684","/assets/messi-WtcvfkxV.png":"474d2e20017d3d4bada8470f2e33e745003f046a57beaf559b3732cc1100b73b","/assets/just-games-yCrFmc68.png":"b7eadc8f65a08413d0c88af34f4fc5d09c51ce29fcedb3cf9ed498b5740626a9","/assets/Poppins-Medium-sXXtmaDG.ttf":"317336af08dd76b61c0408fd9acb437d1fc0980c93b254e5cd6a5cd333b50a1b","/assets/index-FjFhNbRc.js":"c17c3758700ea5b4f8ad0fa67267de69b465b4518c8936bd8512be4fbdbb6ed7"}}
[debug] [2023-12-03T20:28:28.794Z] <<< [apiv2][status] POST https://firebasehosting.googleapis.com/v1beta1/projects/575616832659/sites/mask-games/versions/347df36b8b316661:populateFiles 200
[debug] [2023-12-03T20:28:28.795Z] <<< [apiv2][body] POST https://firebasehosting.googleapis.com/v1beta1/projects/575616832659/sites/mask-games/versions/347df36b8b316661:populateFiles {"uploadUrl":"https://upload-firebasehosting.googleapis.com/upload/sites/mask-games/versions/347df36b8b316661/files"}
[debug] [2023-12-03T20:28:28.795Z] [hosting][populate queue][FINAL] {"max":2590,"min":2590,"avg":2590,"active":0,"complete":1,"success":1,"errored":0,"retried":0,"total":1,"elapsed":2590}
[debug] [2023-12-03T20:28:28.795Z] [hosting] uploads queued: 0
[debug] [2023-12-03T20:28:28.795Z] [hosting][upload queue][FINAL] {"max":0,"min":9999999999,"avg":0,"active":0,"complete":0,"success":0,"errored":0,"retried":0,"total":0,"elapsed":1701635308795}
[info] ✔  hosting[mask-games]: file upload complete 
[debug] [2023-12-03T20:28:28.797Z] [hosting] deploy completed after 2637ms
[debug] [2023-12-03T20:28:28.797Z] [
  {
    "config": {
      "public": "dist",
      "ignore": [
        "firebase.json",
        "**/.*",
        "**/node_modules/**"
      ],
      "rewrites": [
        {
          "source": "**",
          "destination": "/index.html"
        }
      ],
      "site": "mask-games"
    },
    "version": "projects/575616832659/sites/mask-games/versions/347df36b8b316661"
  }
]
[info] i  hosting[mask-games]: finalizing version... 
[debug] [2023-12-03T20:28:28.800Z] >>> [apiv2][query] PATCH https://firebasehosting.googleapis.com/v1beta1/projects/-/sites/mask-games/versions/347df36b8b316661 updateMask=status%2Cconfig
[debug] [2023-12-03T20:28:28.804Z] >>> [apiv2][body] PATCH https://firebasehosting.googleapis.com/v1beta1/projects/-/sites/mask-games/versions/347df36b8b316661 {"status":"FINALIZED","config":{"rewrites":[{"glob":"**","path":"/index.html"}]}}
[debug] [2023-12-03T20:28:31.632Z] <<< [apiv2][status] PATCH https://firebasehosting.googleapis.com/v1beta1/projects/-/sites/mask-games/versions/347df36b8b316661 200
[debug] [2023-12-03T20:28:31.632Z] <<< [apiv2][body] PATCH https://firebasehosting.googleapis.com/v1beta1/projects/-/sites/mask-games/versions/347df36b8b316661 {"name":"projects/575616832659/sites/mask-games/versions/347df36b8b316661","status":"FINALIZED","config":{"rewrites":[{"glob":"**","path":"/index.html"}]},"labels":{"deployment-tool":"cli-firebase"},"createTime":"2023-12-03T20:28:25.716097Z","createUser":{"email":"maskelite365@gmail.com"},"finalizeTime":"2023-12-03T20:28:31.600997Z","finalizeUser":{"email":"maskelite365@gmail.com"}}
[debug] [2023-12-03T20:28:31.633Z] [hosting] finalized version for mask-games:[object Object]
[info] ✔  hosting[mask-games]: version finalized 
[info] i  hosting[mask-games]: releasing new version... 
[debug] [2023-12-03T20:28:31.634Z] >>> [apiv2][query] POST https://firebasehosting.googleapis.com/v1beta1/projects/-/sites/mask-games/channels/live/releases versionName=projects%2F575616832659%2Fsites%2Fmask-games%2Fversions%2F347df36b8b316661
[debug] [2023-12-03T20:28:31.634Z] >>> [apiv2][body] POST https://firebasehosting.googleapis.com/v1beta1/projects/-/sites/mask-games/channels/live/releases {}
[debug] [2023-12-03T20:29:09.330Z] <<< [apiv2][status] POST https://firebasehosting.googleapis.com/v1beta1/projects/-/sites/mask-games/channels/live/releases 200
[debug] [2023-12-03T20:29:09.330Z] <<< [apiv2][body] POST https://firebasehosting.googleapis.com/v1beta1/projects/-/sites/mask-games/channels/live/releases {"name":"projects/575616832659/sites/mask-games/channels/live/releases/1701635348594000","version":{"name":"projects/575616832659/sites/mask-games/versions/347df36b8b316661","status":"FINALIZED","config":{"rewrites":[{"glob":"**","path":"/index.html"}]},"labels":{"deployment-tool":"cli-firebase"},"createTime":"2023-12-03T20:28:25.716097Z","createUser":{"email":"maskelite365@gmail.com","imageUrl":"https://lh3.googleusercontent.com/a/ACg8ocIKpW2PUj5L__nSeOJr-gkXSbbKMrgqupQcMn-buuQEHX8"},"finalizeTime":"2023-12-03T20:28:31.600997Z","finalizeUser":{"email":"maskelite365@gmail.com","imageUrl":"https://lh3.googleusercontent.com/a/ACg8ocIKpW2PUj5L__nSeOJr-gkXSbbKMrgqupQcMn-buuQEHX8"}},"type":"DEPLOY","releaseTime":"2023-12-03T20:29:08.594Z","releaseUser":{"email":"maskelite365@gmail.com","imageUrl":"https://lh3.googleusercontent.com/a/ACg8ocIKpW2PUj5L__nSeOJr-gkXSbbKMrgqupQcMn-buuQEHX8"}}
[debug] [2023-12-03T20:29:09.330Z] [hosting] release: {"name":"projects/575616832659/sites/mask-games/channels/live/releases/1701635348594000","version":{"name":"projects/575616832659/sites/mask-games/versions/347df36b8b316661","status":"FINALIZED","config":{"rewrites":[{"glob":"**","path":"/index.html"}]},"labels":{"deployment-tool":"cli-firebase"},"createTime":"2023-12-03T20:28:25.716097Z","createUser":{"email":"maskelite365@gmail.com","imageUrl":"https://lh3.googleusercontent.com/a/ACg8ocIKpW2PUj5L__nSeOJr-gkXSbbKMrgqupQcMn-buuQEHX8"},"finalizeTime":"2023-12-03T20:28:31.600997Z","finalizeUser":{"email":"maskelite365@gmail.com","imageUrl":"https://lh3.googleusercontent.com/a/ACg8ocIKpW2PUj5L__nSeOJr-gkXSbbKMrgqupQcMn-buuQEHX8"}},"type":"DEPLOY","releaseTime":"2023-12-03T20:29:08.594Z","releaseUser":{"email":"maskelite365@gmail.com","imageUrl":"https://lh3.googleusercontent.com/a/ACg8ocIKpW2PUj5L__nSeOJr-gkXSbbKMrgqupQcMn-buuQEHX8"}}
[info] ✔  hosting[mask-games]: release complete 
[info] 
[info] ✔  Deploy complete! 
[info] 
[info] Project Console: https://console.firebase.google.com/project/mask-games/overview
[info] Hosting URL: https://mask-games.web.app
[debug] [2023-12-03T20:29:16.384Z] Error: Timed out.
    at Timeout._onTimeout (/usr/local/lib/node_modules/firebase-tools/lib/utils.js:254:49)
    at listOnTimeout (node:internal/timers:564:17)
    at process.processTimers (node:internal/timers:507:7)
[error] 
[error] Error: An unexpected error has occurred.
